Start testing: Jun 06 00:34 PDT
----------------------------------------------------------
1/2 Testing: lsh_iris
1/2 Test: lsh_iris
Command: "/home/meneses/Documents/PROYECTOS/locality-sensitive-hashing/build/testBin/lsh_iris"
Directory: /home/meneses/Documents/PROYECTOS/locality-sensitive-hashing/build/testBin
"lsh_iris" start time: Jun 06 00:34 PDT
Output:
----------------------------------------------------------
Running 1 test case...

Number of samples (training): 141
Number of samples (testing): 9
------------------
Accuracy K=8: 66.6667%
Training Duration K=8(microseconds): 1134μs
Prediction Duration K=8(microseconds): 94μs

------------------
Accuracy K=56: 100%
Training Duration K=56(microseconds): 3895μs
Prediction Duration K=56(microseconds): 245μs


[1;32;49m*** No errors detected
[0;39;49m
<end of output>
Test time =   0.02 sec
----------------------------------------------------------
Test Passed.
"lsh_iris" end time: Jun 06 00:34 PDT
"lsh_iris" time elapsed: 00:00:00
----------------------------------------------------------

2/2 Testing: lsh_performance
2/2 Test: lsh_performance
Command: "/home/meneses/Documents/PROYECTOS/locality-sensitive-hashing/build/testBin/lsh_performance"
Directory: /home/meneses/Documents/PROYECTOS/locality-sensitive-hashing/build/testBin
"lsh_performance" start time: Jun 06 00:34 PDT
Output:
----------------------------------------------------------
Running 1 test case...

Number of samples (training): 11999
Number of samples (testing): 1394
------------------
unknown location(0): [4;31;49mfatal error: in "LLTEST/housing": memory access violation at address: 0x7ffeb17df000: no mapping at fault address[0;39;49m
/home/meneses/Documents/PROYECTOS/locality-sensitive-hashing/test/lsh_performance.cpp(19): [1;36;49mlast checkpoint: "housing" test entry[0;39;49m

[1;31;49m*** 1 failure is detected in the test module "Iris test"
[0;39;49m
<end of output>
Test time =   0.25 sec
----------------------------------------------------------
Test Failed.
"lsh_performance" end time: Jun 06 00:34 PDT
"lsh_performance" time elapsed: 00:00:00
----------------------------------------------------------

End testing: Jun 06 00:34 PDT
